#
# There is insufficient memory for the Java Runtime Environment to continue.
# Native memory allocation (mmap) failed to map 132120576 bytes for G1 virtual space
# Possible reasons:
#   The system is out of physical RAM or swap space
#   The process is running with CompressedOops enabled, and the Java Heap may be blocking the growth of the native heap
# Possible solutions:
#   Reduce memory load on the system
#   Increase physical memory or swap space
#   Check if swap backing store is full
#   Decrease Java heap size (-Xmx/-Xms)
#   Decrease number of Java threads
#   Decrease Java thread stack sizes (-Xss)
#   Set larger code cache with -XX:ReservedCodeCacheSize=
#   JVM is running with Unscaled Compressed Oops mode in which the Java heap is
#     placed in the first 4GB address space. The Java Heap base address is the
#     maximum limit for the native heap growth. Please use -XX:HeapBaseMinAddress
#     to set the Java Heap base and to place the Java Heap above 4GB virtual address.
# This output file may be truncated or incomplete.
#
#  Out of Memory Error (os_windows.cpp:3548), pid=13776, tid=12392
#
# JRE version:  (17.0.11+7) (build )
# Java VM: Java HotSpot(TM) 64-Bit Server VM (17.0.11+7-LTS-207, mixed mode, emulated-client, sharing, tiered, compressed oops, compressed class ptrs, g1 gc, windows-amd64)
# No core dump will be written. Minidumps are not enabled by default on client versions of Windows
#

---------------  S U M M A R Y ------------

Command Line: -XX:TieredStopAtLevel=1 -Dspring.output.ansi.enabled=always -Dcom.sun.management.jmxremote -Dspring.jmx.enabled=true -Dspring.liveBeansView.mbeanDomain -Dspring.application.admin.enabled=true -Dmanagement.endpoints.jmx.exposure.include=* -javaagent:C:\Program Files\JetBrains\IntelliJ IDEA 2024.1.2\lib\idea_rt.jar=61147:C:\Program Files\JetBrains\IntelliJ IDEA 2024.1.2\bin -Dfile.encoding=UTF-8 com.example.movie_project.MovieProjectApplication

Host: Intel(R) Core(TM) i3-10100F CPU @ 3.60GHz, 8 cores, 7G,  Windows 11 , 64 bit Build 22621 (10.0.22621.3958)
Time: Sat Oct  5 19:20:31 2024 SE Asia Standard Time elapsed time: 0.012171 seconds (0d 0h 0m 0s)

---------------  T H R E A D  ---------------

Current thread (0x0000016075eeef60):  JavaThread "Unknown thread" [_thread_in_vm, id=12392, stack(0x0000003db5e00000,0x0000003db5f00000)]

Stack: [0x0000003db5e00000,0x0000003db5f00000]
Native frames: (J=compiled Java code, j=interpreted, Vv=VM code, C=native code)
V  [jvm.dll+0x679cca]
V  [jvm.dll+0x7da13d]
V  [jvm.dll+0x7dba83]
V  [jvm.dll+0x7dc0f3]
V  [jvm.dll+0x2449af]
V  [jvm.dll+0x676ce9]
V  [jvm.dll+0x66b852]
V  [jvm.dll+0x3018d6]
V  [jvm.dll+0x308e76]
V  [jvm.dll+0x3596ee]
V  [jvm.dll+0x35991f]
V  [jvm.dll+0x2d89a8]
V  [jvm.dll+0x2d9914]
V  [jvm.dll+0x7ac6b1]
V  [jvm.dll+0x366f61]
V  [jvm.dll+0x78b609]
V  [jvm.dll+0x3ec22f]
V  [jvm.dll+0x3ede61]
C  [jli.dll+0x5297]
C  [ucrtbase.dll+0x29333]
C  [KERNEL32.DLL+0x1257d]
C  [ntdll.dll+0x5af28]


---------------  P R O C E S S  ---------------

Threads class SMR info:
_java_thread_list=0x00007fff98567a18, length=0, elements={
}

Java Threads: ( => current thread )

Other Threads:
  0x0000016075f4bc90 GCTaskThread "GC Thread#0" [stack: 0x0000003db5f00000,0x0000003db6000000] [id=1784]
  0x0000016075f5c670 ConcurrentGCThread "G1 Main Marker" [stack: 0x0000003db6000000,0x0000003db6100000] [id=3512]
  0x0000016075f5d730 ConcurrentGCThread "G1 Conc#0" [stack: 0x0000003db6100000,0x0000003db6200000] [id=12636]

[error occurred during error reporting (printing all threads), id 0xc0000005, EXCEPTION_ACCESS_VIOLATION (0xc0000005) at pc=0x00007fff97d99497]

VM state: not at safepoint (not fully initialized)

VM Mutex/Monitor currently owned by a thread:  ([mutex/lock_event])
[0x0000016075eea130] Heap_lock - owner thread: 0x0000016075eeef60

Heap address: 0x0000000082400000, size: 2012 MB, Compressed Oops mode: 32-bit

CDS archive(s) mapped at: [0x0000000000000000-0x0000000000000000-0x0000000000000000), size 0, SharedBaseAddress: 0x0000000800000000, ArchiveRelocationMode: 1.
Narrow klass base: 0x0000000000000000, Narrow klass shift: 0, Narrow klass range: 0x0

GC Precious Log:
<Empty>

Heap:
 garbage-first heap   total 0K, used 0K [0x0000000082400000, 0x0000000100000000)
  region size 1024K, 0 young (0K), 0 survivors (0K)

[error occurred during error reporting (printing heap information), id 0xc0000005, EXCEPTION_ACCESS_VIOLATION (0xc0000005) at pc=0x00007fff98183559]

GC Heap History (0 events):
No events

Deoptimization events (0 events):
No events

Classes unloaded (0 events):
No events

Classes redefined (0 events):
No events

Internal exceptions (0 events):
No events

VM Operations (0 events):
No events

Events (1 events):
Event: 0.009 Loaded shared library C:\Program Files\Java\jdk-17\bin\java.dll


Dynamic libraries:
0x00007ff6353c0000 - 0x00007ff6353d0000 	C:\Program Files\Java\jdk-17\bin\java.exe
0x00007ffffeb30000 - 0x00007ffffed47000 	C:\WINDOWS\SYSTEM32\ntdll.dll
0x00007ffffcc20000 - 0x00007ffffcce4000 	C:\WINDOWS\System32\KERNEL32.DLL
0x00007ffffc4b0000 - 0x00007ffffc85d000 	C:\WINDOWS\System32\KERNELBASE.dll
0x00007ffffc360000 - 0x00007ffffc471000 	C:\WINDOWS\System32\ucrtbase.dll
0x00007fffed830000 - 0x00007fffed84b000 	C:\Program Files\Java\jdk-17\bin\VCRUNTIME140.dll
0x00007fffed850000 - 0x00007fffed869000 	C:\Program Files\Java\jdk-17\bin\jli.dll
0x00007ffffe1b0000 - 0x00007ffffe262000 	C:\WINDOWS\System32\ADVAPI32.dll
0x00007ffffdd30000 - 0x00007ffffddd7000 	C:\WINDOWS\System32\msvcrt.dll
0x00007ffffdde0000 - 0x00007ffffde89000 	C:\WINDOWS\System32\sechost.dll
0x00007ffffbe50000 - 0x00007ffffbe78000 	C:\WINDOWS\System32\bcrypt.dll
0x00007ffffcac0000 - 0x00007ffffcbd4000 	C:\WINDOWS\System32\RPCRT4.dll
0x00007ffffc910000 - 0x00007ffffcabe000 	C:\WINDOWS\System32\USER32.dll
0x00007fffe7ab0000 - 0x00007fffe7d43000 	C:\WINDOWS\WinSxS\amd64_microsoft.windows.common-controls_6595b64144ccf1df_6.0.22621.3672_none_2713b9d173822955\COMCTL32.dll
0x00007ffffc480000 - 0x00007ffffc4a6000 	C:\WINDOWS\System32\win32u.dll
0x00007ffffc8e0000 - 0x00007ffffc909000 	C:\WINDOWS\System32\GDI32.dll
0x00007ffffc240000 - 0x00007ffffc359000 	C:\WINDOWS\System32\gdi32full.dll
0x00007ffffc0e0000 - 0x00007ffffc17a000 	C:\WINDOWS\System32\msvcp_win.dll
0x00007ffff4e80000 - 0x00007ffff4e8a000 	C:\WINDOWS\SYSTEM32\VERSION.dll
0x00007ffffcbe0000 - 0x00007ffffcc11000 	C:\WINDOWS\System32\IMM32.DLL
0x00007ffff9010000 - 0x00007ffff901c000 	C:\Program Files\Java\jdk-17\bin\vcruntime140_1.dll
0x00007fffda6e0000 - 0x00007fffda76e000 	C:\Program Files\Java\jdk-17\bin\msvcp140.dll
0x00007fff97ab0000 - 0x00007fff98690000 	C:\Program Files\Java\jdk-17\bin\server\jvm.dll
0x00007ffffd340000 - 0x00007ffffd348000 	C:\WINDOWS\System32\PSAPI.DLL
0x00007ffff31d0000 - 0x00007ffff3204000 	C:\WINDOWS\SYSTEM32\WINMM.dll
0x00007ffff62c0000 - 0x00007ffff62c9000 	C:\WINDOWS\SYSTEM32\WSOCK32.dll
0x00007ffffe6f0000 - 0x00007ffffe761000 	C:\WINDOWS\System32\WS2_32.dll
0x00007ffffaf90000 - 0x00007ffffafa8000 	C:\WINDOWS\SYSTEM32\kernel.appcore.dll
0x00007ffff1520000 - 0x00007ffff152a000 	C:\Program Files\Java\jdk-17\bin\jimage.dll
0x00007ffff1860000 - 0x00007ffff1a92000 	C:\WINDOWS\SYSTEM32\DBGHELP.DLL
0x00007ffffccf0000 - 0x00007ffffd07e000 	C:\WINDOWS\System32\combase.dll
0x00007ffffe050000 - 0x00007ffffe127000 	C:\WINDOWS\System32\OLEAUT32.dll
0x00007fffd8830000 - 0x00007fffd8862000 	C:\WINDOWS\SYSTEM32\dbgcore.DLL
0x00007ffffbff0000 - 0x00007ffffc06b000 	C:\WINDOWS\System32\bcryptPrimitives.dll
0x00007fffed7d0000 - 0x00007fffed7de000 	C:\Program Files\Java\jdk-17\bin\instrument.dll
0x00007fffed800000 - 0x00007fffed825000 	C:\Program Files\Java\jdk-17\bin\java.dll

dbghelp: loaded successfully - version: 4.0.5 - missing functions: none
symbol engine: initialized successfully - sym options: 0x614 - pdb path: .;C:\Program Files\Java\jdk-17\bin;C:\WINDOWS\SYSTEM32;C:\WINDOWS\WinSxS\amd64_microsoft.windows.common-controls_6595b64144ccf1df_6.0.22621.3672_none_2713b9d173822955;C:\Program Files\Java\jdk-17\bin\server

VM Arguments:
jvm_args: -XX:TieredStopAtLevel=1 -Dspring.output.ansi.enabled=always -Dcom.sun.management.jmxremote -Dspring.jmx.enabled=true -Dspring.liveBeansView.mbeanDomain -Dspring.application.admin.enabled=true -Dmanagement.endpoints.jmx.exposure.include=* -javaagent:C:\Program Files\JetBrains\IntelliJ IDEA 2024.1.2\lib\idea_rt.jar=61147:C:\Program Files\JetBrains\IntelliJ IDEA 2024.1.2\bin -Dfile.encoding=UTF-8 
java_command: com.example.movie_project.MovieProjectApplication
java_class_path (initial): D:\Movie\Movie_Project\target\classes;C:\Users\hoang\.m2\repository\org\springframework\boot\spring-boot-starter-data-jpa\3.3.1\spring-boot-starter-data-jpa-3.3.1.jar;C:\Users\hoang\.m2\repository\org\springframework\boot\spring-boot-starter-aop\3.3.1\spring-boot-starter-aop-3.3.1.jar;C:\Users\hoang\.m2\repository\org\springframework\spring-aop\6.1.10\spring-aop-6.1.10.jar;C:\Users\hoang\.m2\repository\org\aspectj\aspectjweaver\1.9.22\aspectjweaver-1.9.22.jar;C:\Users\hoang\.m2\repository\org\springframework\boot\spring-boot-starter-jdbc\3.3.1\spring-boot-starter-jdbc-3.3.1.jar;C:\Users\hoang\.m2\repository\com\zaxxer\HikariCP\5.1.0\HikariCP-5.1.0.jar;C:\Users\hoang\.m2\repository\org\springframework\spring-jdbc\6.1.10\spring-jdbc-6.1.10.jar;C:\Users\hoang\.m2\repository\org\hibernate\orm\hibernate-core\6.5.2.Final\hibernate-core-6.5.2.Final.jar;C:\Users\hoang\.m2\repository\jakarta\persistence\jakarta.persistence-api\3.1.0\jakarta.persistence-api-3.1.0.jar;C:\Users\hoang\.m2\repository\jakarta\transaction\jakarta.transaction-api\2.0.1\jakarta.transaction-api-2.0.1.jar;C:\Users\hoang\.m2\repository\org\jboss\logging\jboss-logging\3.5.3.Final\jboss-logging-3.5.3.Final.jar;C:\Users\hoang\.m2\repository\org\hibernate\common\hibernate-commons-annotations\6.0.6.Final\hibernate-commons-annotations-6.0.6.Final.jar;C:\Users\hoang\.m2\repository\io\smallrye\jandex\3.1.2\jandex-3.1.2.jar;C:\Users\hoang\.m2\repository\com\fasterxml\classmate\1.7.0\classmate-1.7.0.jar;C:\Users\hoang\.m2\repository\net\bytebuddy\byte-buddy\1.14.17\byte-buddy-1.14.17.jar;C:\Users\hoang\.m2\repository\org\glassfish\jaxb\jaxb-runtime\4.0.5\jaxb-runtime-4.0.5.jar;C:\Users\hoang\.m2\repository\org\glassfish\jaxb\jaxb-core\4.0.5\jaxb-core-4.0.5.jar;C:\Users\hoang\.m2\repository\org\eclipse\angus\angus-activation\2.0.2\angus-activation-2.0.2.jar;C:\Users\hoang\.m2\repository\org\glassfish\jaxb\txw2\4.0.5\txw2-4.0.5.jar;C:\Users\hoang\.m2\repository\com\sun\istack\istack-com
Launcher Type: SUN_STANDARD

[Global flags]
     intx CICompilerCount                          = 4                                         {product} {ergonomic}
     uint ConcGCThreads                            = 2                                         {product} {ergonomic}
     uint G1ConcRefinementThreads                  = 8                                         {product} {ergonomic}
   size_t G1HeapRegionSize                         = 1048576                                   {product} {ergonomic}
    uintx GCDrainStackTargetSize                   = 64                                        {product} {ergonomic}
   size_t InitialHeapSize                          = 132120576                                 {product} {ergonomic}
     bool ManagementServer                         = true                                      {product} {command line}
   size_t MarkStackSize                            = 4194304                                   {product} {ergonomic}
   size_t MaxHeapSize                              = 2109734912                                {product} {ergonomic}
   size_t MinHeapDeltaBytes                        = 1048576                                   {product} {ergonomic}
   size_t MinHeapSize                              = 8388608                                   {product} {ergonomic}
    uintx NonProfiledCodeHeapSize                  = 0                                      {pd product} {ergonomic}
     bool ProfileInterpreter                       = false                                  {pd product} {command line}
    uintx ProfiledCodeHeapSize                     = 0                                      {pd product} {ergonomic}
   size_t SoftMaxHeapSize                          = 2109734912                             {manageable} {ergonomic}
     intx TieredStopAtLevel                        = 1                                         {product} {command line}
     bool UseCompressedClassPointers               = true                           {product lp64_product} {ergonomic}
     bool UseCompressedOops                        = true                           {product lp64_product} {ergonomic}
     bool UseG1GC                                  = true                                      {product} {ergonomic}
     bool UseLargePagesIndividualAllocation        = false                                  {pd product} {ergonomic}

Logging:
Log output configuration:
 #0: stdout all=warning uptime,level,tags
 #1: stderr all=off uptime,level,tags

Environment Variables:
PATH=C:\Program Files\Common Files\Oracle\Java\javapath;C:\WINDOWS\system32;C:\WINDOWS;C:\WINDOWS\System32\Wbem;C:\WINDOWS\System32\WindowsPowerShell\v1.0\;C:\WINDOWS\System32\OpenSSH\;C:\Program Files\dotnet\;C:\Program Files\Git\cmd;C:\Program Files\nodejs\;C:\Program Files\Cloudflare\Cloudflare WARP\;C:\Users\hoang\AppData\Local\Microsoft\WindowsApps;C:\Program Files\JetBrains\IntelliJ IDEA 2024.1.1\bin;;C:\Users\hoang\AppData\Local\Programs\Microsoft VS Code\bin;C:\Program Files\nodejs;C:\Users\hoang\AppData\Roaming\npm
USERNAME=hoang
OS=Windows_NT
PROCESSOR_IDENTIFIER=Intel64 Family 6 Model 165 Stepping 3, GenuineIntel



---------------  S Y S T E M  ---------------

OS:
 Windows 11 , 64 bit Build 22621 (10.0.22621.3958)
OS uptime: 0 days 7:00 hours

CPU: total 8 (initial active 8) (4 cores per cpu, 2 threads per core) family 6 model 165 stepping 3 microcode 0xea, cx8, cmov, fxsr, ht, mmx, 3dnowpref, sse, sse2, sse3, ssse3, sse4.1, sse4.2, popcnt, lzcnt, tsc, tscinvbit, avx, avx2, aes, erms, clmul, bmi1, bmi2, adx, fma, vzeroupper, clflush, clflushopt

Memory: 4k page, system-wide physical 8045M (836M free)
TotalPageFile size 12141M (AvailPageFile size 114M)
current process WorkingSet (physical memory assigned to process): 11M, peak: 11M
current process commit charge ("private bytes"): 55M, peak: 181M

vm_info: Java HotSpot(TM) 64-Bit Server VM (17.0.11+7-LTS-207) for windows-amd64 JRE (17.0.11+7-LTS-207), built on Mar 11 2024 19:01:50 by "mach5one" with MS VC++ 17.6 (VS2022)

END.
